e: file:///C:/Users/visha/Desktop/Mc_Plugin/src/main/kotlin/com/projectatlas/siege/SiegeMobBehavior.kt:71:75 Unresolved reference 'WALL_SEGMENT'.
e: file:///C:/Users/visha/Desktop/Mc_Plugin/src/main/kotlin/com/projectatlas/siege/SiegeMobBehavior.kt:99:63 Unresolved reference 'isSpectator'.

FAILURE: Build failed with an exception.

* What went wrong:
Execution failed for task ':compileKotlin'.
> A failure occurred while executing org.jetbrains.kotlin.compilerRunner.GradleCompilerRunnerWithWorkers$GradleKotlinCompilerWorkAction
   > Compilation error. See log for more details

* Try:
> Run with --stacktrace option to get the stack trace.
> Run with --info or --debug option to get more log output.
> Run with --scan to generate a Build Scan (powered by Develocity).
> Get more help at https://help.gradle.org.

BUILD FAILED in 25s
