Kotlin does not yet support 23 JDK target, falling back to Kotlin JVM_22 JVM target
> Task :checkKotlinGradlePluginConfigurationErrors SKIPPED

> Task :compileKotlin FAILED
Kotlin does not yet support 23 JDK target, falling back to Kotlin JVM_22 JVM target

FAILURE: Build failed with an exception.

* What went wrong:
Execution failed for task ':compileKotlin'.
> Inconsistent JVM-target compatibility detected for tasks 'compileJava' (23) and 'compileKotlin' (22).
  
  Consider using JVM Toolchain: https://kotl.in/gradle/jvm/toolchain
  Learn more about JVM-target validation: https://kotl.in/gradle/jvm/target-validation 

* Try:
> Run with --stacktrace option to get the stack trace.
> Run with --info or --debug option to get more log output.
> Run with --scan to generate a Build Scan (powered by Develocity).
> Get more help at https://help.gradle.org.

BUILD FAILED in 1s
1 actionable task: 1 executed
