> Task :clean
> Task :checkKotlinGradlePluginConfigurationErrors SKIPPED
> Task :processResources
> Task :compileKotlin
> Task :compileJava NO-SOURCE
> Task :classes
> Task :jar
> Task :compileTestKotlin NO-SOURCE
> Task :compileTestJava NO-SOURCE

> Task :shadowJar FAILED
gradle : ex
At line:1 char:1
+ gradle clean 
shadowJar 2>&1 | 
Out-File -Encoding 
UTF8 shadow_log.txt
+ ~~~~~~~~~~~~~~~~~
~~~~~~~~~~
    + CategoryInfo 
             : No  
  tSpecified: (e   
 x:String) [],     
RemoteExceptio    n
    + FullyQualifi 
   edErrorId : Na  
  tiveCommandErr   
 or
 
org.gradle.api.Grad
leException: Could 
not add file 'C:\Us
ers\visha\Desktop\M
c_Plugin\build\clas
ses\kotlin\main\com
\projectatlas\Atlas
Command.class' to 
ZIP 'C:\Users\visha
\Desktop\Mc_Plugin\
build\libs\ProjectA
tlas-1.0-SNAPSHOT-a
ll.jar'.
	at com.github.jeng
elman.gradle.plugin
s.shadow.tasks.Shad
owCopyAction$Stream
Action.visitFile(Sh
adowCopyAction.groo
vy:245)
	at com.github.jeng
elman.gradle.plugin
s.shadow.tasks.Shad
owCopyAction$BaseSt
reamAction.processF
ile(ShadowCopyActio
n.groovy:183)
	at org.gradle.api.
internal.file.copy.
NormalizingCopyActi
onDecorator.lambda$
execute$0(Normalizi
ngCopyActionDecorat
or.java:72)
	at org.gradle.api.
internal.file.copy.
DuplicateHandlingCo
pyActionDecorator.l
ambda$execute$0(Dup
licateHandlingCopyA
ctionDecorator.java
:70)
	at org.gradle.api.
internal.file.copy.
CopyFileVisitorImpl
.processFile(CopyFi
leVisitorImpl.java:
68)
	at org.gradle.api.
internal.file.copy.
CopyFileVisitorImpl
.visitFile(CopyFile
VisitorImpl.java:52
)
	at org.gradle.api.
internal.file.colle
ctions.PathVisitor.
visitFile(PathVisit
or.java:88)
	at org.gradle.api.
internal.file.colle
ctions.Reproducible
DirectoryWalker.vis
it(ReproducibleDire
ctoryWalker.java:83
)
	at org.gradle.api.
internal.file.colle
ctions.Reproducible
DirectoryWalker.vis
it(ReproducibleDire
ctoryWalker.java:73
)
	at org.gradle.api.
internal.file.colle
ctions.Reproducible
DirectoryWalker.vis
it(ReproducibleDire
ctoryWalker.java:73
)
	at org.gradle.api.
internal.file.colle
ctions.Reproducible
DirectoryWalker.vis
it(ReproducibleDire
ctoryWalker.java:73
)
	at org.gradle.api.
internal.file.colle
ctions.Reproducible
DirectoryWalker.wal
kDir(ReproducibleDi
rectoryWalker.java:
51)
	at org.gradle.api.
internal.file.colle
ctions.DirectoryFil
eTree.walkDir(Direc
toryFileTree.java:1
50)
	at org.gradle.api.
internal.file.colle
ctions.DirectoryFil
eTree.visitFrom(Dir
ectoryFileTree.java
:128)
	at org.gradle.api.
internal.file.colle
ctions.DirectoryFil
eTree.visit(Directo
ryFileTree.java:114
)
	at org.gradle.api.
internal.file.colle
ctions.FileTreeAdap
ter.visit(FileTreeA
dapter.java:110)
	at org.gradle.api.
internal.file.Compo
siteFileTree.visit(
CompositeFileTree.j
ava:108)
	at org.gradle.api.
internal.file.copy.
CopySpecActionImpl.
execute(CopySpecAct
ionImpl.java:43)
	at org.gradle.api.
internal.file.copy.
CopySpecActionImpl.
execute(CopySpecAct
ionImpl.java:25)
	at org.gradle.api.
internal.file.copy.
DefaultCopySpec$Def
aultCopySpecResolve
r.walk(DefaultCopyS
pec.java:808)
	at org.gradle.api.
internal.file.copy.
DefaultCopySpec$Def
aultCopySpecResolve
r.walk(DefaultCopyS
pec.java:810)
	at org.gradle.api.
internal.file.copy.
DefaultCopySpec.wal
k(DefaultCopySpec.j
ava:543)
	at org.gradle.api.
internal.file.copy.
CopySpecBackedCopyA
ctionProcessingStre
am.process(CopySpec
BackedCopyActionPro
cessingStream.java:
42)
	at org.gradle.api.
internal.file.copy.
DuplicateHandlingCo
pyActionDecorator.l
ambda$execute$1(Dup
licateHandlingCopyA
ctionDecorator.java
:50)
	at org.gradle.api.
internal.file.copy.
NormalizingCopyActi
onDecorator.lambda$
execute$1(Normalizi
ngCopyActionDecorat
or.java:64)
	at org.gradle.api.
internal.file.copy.
CopyActionProcessin
gStream$process.cal
l(Unknown Source)
	at com.github.jeng
elman.gradle.plugin
s.shadow.tasks.Shad
owCopyAction$2.exec
ute(ShadowCopyActio
n.groovy:110)
	at com.github.jeng
elman.gradle.plugin
s.shadow.tasks.Shad
owCopyAction$2$exec
ute.call(Unknown 
Source)
	at com.github.jeng
elman.gradle.plugin
s.shadow.tasks.Shad
owCopyAction.withRe
source(ShadowCopyAc
tion.groovy:152)
	at com.github.jeng
elman.gradle.plugin
s.shadow.tasks.Shad
owCopyAction.execut
e(ShadowCopyAction.
groovy:107)
	at org.gradle.api.
internal.file.copy.
NormalizingCopyActi
onDecorator.execute
(NormalizingCopyAct
ionDecorator.java:6
3)
	at org.gradle.api.
internal.file.copy.
DuplicateHandlingCo
pyActionDecorator.e
xecute(DuplicateHan
dlingCopyActionDeco
rator.java:50)
	at org.gradle.api.
internal.file.copy.
CopyActionExecuter.
execute(CopyActionE
xecuter.java:48)
	at org.gradle.api.
tasks.AbstractCopyT
ask.copy(AbstractCo
pyTask.java:146)
	at com.github.jeng
elman.gradle.plugin
s.shadow.tasks.Shad
owJar.copy(ShadowJa
r.java:161)
	at org.gradle.inte
rnal.reflect.JavaMe
thod.invoke(JavaMet
hod.java:125)
	at org.gradle.api.
internal.project.ta
skfactory.StandardT
askAction.doExecute
(StandardTaskAction
.java:58)
	at org.gradle.api.
internal.project.ta
skfactory.StandardT
askAction.execute(S
tandardTaskAction.j
ava:51)
	at org.gradle.api.
internal.project.ta
skfactory.StandardT
askAction.execute(S
tandardTaskAction.j
ava:29)
	at org.gradle.api.
internal.tasks.exec
ution.TaskExecution
$3.run(TaskExecutio
n.java:252)
	at org.gradle.inte
rnal.operations.Def
aultBuildOperationR
unner$1.execute(Def
aultBuildOperationR
unner.java:29)
	at org.gradle.inte
rnal.operations.Def
aultBuildOperationR
unner$1.execute(Def
aultBuildOperationR
unner.java:26)
	at org.gradle.inte
rnal.operations.Def
aultBuildOperationR
unner$2.execute(Def
aultBuildOperationR
unner.java:66)
	at org.gradle.inte
rnal.operations.Def
aultBuildOperationR
unner$2.execute(Def
aultBuildOperationR
unner.java:59)
	at org.gradle.inte
rnal.operations.Def
aultBuildOperationR
unner.execute(Defau
ltBuildOperationRun
ner.java:166)
	at org.gradle.inte
rnal.operations.Def
aultBuildOperationR
unner.execute(Defau
ltBuildOperationRun
ner.java:59)
	at org.gradle.inte
rnal.operations.Def
aultBuildOperationR
unner.run(DefaultBu
ildOperationRunner.
java:47)
	at org.gradle.api.
internal.tasks.exec
ution.TaskExecution
.executeAction(Task
Execution.java:237)
	at org.gradle.api.
internal.tasks.exec
ution.TaskExecution
.executeActions(Tas
kExecution.java:220
)
	at org.gradle.api.
internal.tasks.exec
ution.TaskExecution
.executeWithPreviou
sOutputFiles(TaskEx
ecution.java:203)
	at org.gradle.api.
internal.tasks.exec
ution.TaskExecution
.execute(TaskExecut
ion.java:170)
	at org.gradle.inte
rnal.execution.step
s.ExecuteStep.execu
teInternal(ExecuteS
tep.java:105)
	at org.gradle.inte
rnal.execution.step
s.ExecuteStep.acces
s$000(ExecuteStep.j
ava:44)
	at org.gradle.inte
rnal.execution.step
s.ExecuteStep$1.cal
l(ExecuteStep.java:
59)
	at org.gradle.inte
rnal.execution.step
s.ExecuteStep$1.cal
l(ExecuteStep.java:
56)
	at org.gradle.inte
rnal.operations.Def
aultBuildOperationR
unner$CallableBuild
OperationWorker.exe
cute(DefaultBuildOp
erationRunner.java:
209)
	at org.gradle.inte
rnal.operations.Def
aultBuildOperationR
unner$CallableBuild
OperationWorker.exe
cute(DefaultBuildOp
erationRunner.java:
204)
	at org.gradle.inte
rnal.operations.Def
aultBuildOperationR
unner$2.execute(Def
aultBuildOperationR
unner.java:66)
	at org.gradle.inte
rnal.operations.Def
aultBuildOperationR
unner$2.execute(Def
aultBuildOperationR
unner.java:59)
	at org.gradle.inte
rnal.operations.Def
aultBuildOperationR
unner.execute(Defau
ltBuildOperationRun
ner.java:166)
	at org.gradle.inte
rnal.operations.Def
aultBuildOperationR
unner.execute(Defau
ltBuildOperationRun
ner.java:59)
	at org.gradle.inte
rnal.operations.Def
aultBuildOperationR
unner.call(DefaultB
uildOperationRunner
.java:53)
	at org.gradle.inte
rnal.execution.step
s.ExecuteStep.execu
te(ExecuteStep.java
:56)
	at org.gradle.inte
rnal.execution.step
s.ExecuteStep.execu
te(ExecuteStep.java
:44)
	at org.gradle.inte
rnal.execution.step
s.CancelExecutionSt
ep.execute(CancelEx
ecutionStep.java:42
)
	at org.gradle.inte
rnal.execution.step
s.TimeoutStep.execu
teWithoutTimeout(Ti
meoutStep.java:75)
	at org.gradle.inte
rnal.execution.step
s.TimeoutStep.execu
te(TimeoutStep.java
:55)
	at org.gradle.inte
rnal.execution.step
s.PreCreateOutputPa
rentsStep.execute(P
reCreateOutputParen
tsStep.java:50)
	at org.gradle.inte
rnal.execution.step
s.PreCreateOutputPa
rentsStep.execute(P
reCreateOutputParen
tsStep.java:28)
	at org.gradle.inte
rnal.execution.step
s.RemovePreviousOut
putsStep.execute(Re
movePreviousOutputs
Step.java:68)
	at org.gradle.inte
rnal.execution.step
s.RemovePreviousOut
putsStep.execute(Re
movePreviousOutputs
Step.java:38)
	at org.gradle.inte
rnal.execution.step
s.BroadcastChanging
OutputsStep.execute
(BroadcastChangingO
utputsStep.java:61)
	at org.gradle.inte
rnal.execution.step
s.BroadcastChanging
OutputsStep.execute
(BroadcastChangingO
utputsStep.java:26)
	at org.gradle.inte
rnal.execution.step
s.CaptureOutputsAft
erExecutionStep.exe
cute(CaptureOutputs
AfterExecutionStep.
java:69)
	at org.gradle.inte
rnal.execution.step
s.CaptureOutputsAft
erExecutionStep.exe
cute(CaptureOutputs
AfterExecutionStep.
java:46)
	at org.gradle.inte
rnal.execution.step
s.ResolveInputChang
esStep.execute(Reso
lveInputChangesStep
.java:39)
	at org.gradle.inte
rnal.execution.step
s.ResolveInputChang
esStep.execute(Reso
lveInputChangesStep
.java:28)
	at org.gradle.inte
rnal.execution.step
s.BuildCacheStep.ex
ecuteWithoutCache(B
uildCacheStep.java:
189)
	at org.gradle.inte
rnal.execution.step
s.BuildCacheStep.la
mbda$execute$1(Buil
dCacheStep.java:75)
	at org.gradle.inte
rnal.Either$Right.f
old(Either.java:176
)
	at org.gradle.inte
rnal.execution.cach
ing.CachingState.fo
ld(CachingState.jav
a:62)
	at org.gradle.inte
rnal.execution.step
s.BuildCacheStep.ex
ecute(BuildCacheSte
p.java:73)
	at org.gradle.inte
rnal.execution.step
s.BuildCacheStep.ex
ecute(BuildCacheSte
p.java:48)
	at org.gradle.inte
rnal.execution.step
s.StoreExecutionSta
teStep.execute(Stor
eExecutionStateStep
.java:46)
	at org.gradle.inte
rnal.execution.step
s.StoreExecutionSta
teStep.execute(Stor
eExecutionStateStep
.java:35)
	at org.gradle.inte
rnal.execution.step
s.SkipUpToDateStep.
executeBecause(Skip
UpToDateStep.java:7
5)
	at org.gradle.inte
rnal.execution.step
s.SkipUpToDateStep.
lambda$execute$2(Sk
ipUpToDateStep.java
:53)
	at org.gradle.inte
rnal.execution.step
s.SkipUpToDateStep.
execute(SkipUpToDat
eStep.java:53)
	at org.gradle.inte
rnal.execution.step
s.SkipUpToDateStep.
execute(SkipUpToDat
eStep.java:35)
	at org.gradle.inte
rnal.execution.step
s.legacy.MarkSnapsh
ottingInputsFinishe
dStep.execute(MarkS
napshottingInputsFi
nishedStep.java:37)
	at org.gradle.inte
rnal.execution.step
s.legacy.MarkSnapsh
ottingInputsFinishe
dStep.execute(MarkS
napshottingInputsFi
nishedStep.java:27)
	at org.gradle.inte
rnal.execution.step
s.ResolveIncrementa
lCachingStateStep.e
xecuteDelegate(Reso
lveIncrementalCachi
ngStateStep.java:49
)
	at org.gradle.inte
rnal.execution.step
s.ResolveIncrementa
lCachingStateStep.e
xecuteDelegate(Reso
lveIncrementalCachi
ngStateStep.java:27
)
	at org.gradle.inte
rnal.execution.step
s.AbstractResolveCa
chingStateStep.exec
ute(AbstractResolve
CachingStateStep.ja
va:71)
	at org.gradle.inte
rnal.execution.step
s.AbstractResolveCa
chingStateStep.exec
ute(AbstractResolve
CachingStateStep.ja
va:39)
	at org.gradle.inte
rnal.execution.step
s.ResolveChangesSte
p.execute(ResolveCh
angesStep.java:64)
	at org.gradle.inte
rnal.execution.step
s.ResolveChangesSte
p.execute(ResolveCh
angesStep.java:35)
	at org.gradle.inte
rnal.execution.step
s.ValidateStep.exec
ute(ValidateStep.ja
va:62)
	at org.gradle.inte
rnal.execution.step
s.ValidateStep.exec
ute(ValidateStep.ja
va:40)
	at org.gradle.inte
rnal.execution.step
s.AbstractCaptureSt
ateBeforeExecutionS
tep.execute(Abstrac
tCaptureStateBefore
ExecutionStep.java:
76)
	at org.gradle.inte
rnal.execution.step
s.AbstractCaptureSt
ateBeforeExecutionS
tep.execute(Abstrac
tCaptureStateBefore
ExecutionStep.java:
45)
	at org.gradle.inte
rnal.execution.step
s.AbstractSkipEmpty
WorkStep.executeWit
hNonEmptySources(Ab
stractSkipEmptyWork
Step.java:136)
	at org.gradle.inte
rnal.execution.step
s.AbstractSkipEmpty
WorkStep.execute(Ab
stractSkipEmptyWork
Step.java:66)
	at org.gradle.inte
rnal.execution.step
s.AbstractSkipEmpty
WorkStep.execute(Ab
stractSkipEmptyWork
Step.java:38)
	at org.gradle.inte
rnal.execution.step
s.legacy.MarkSnapsh
ottingInputsStarted
Step.execute(MarkSn
apshottingInputsSta
rtedStep.java:38)
	at org.gradle.inte
rnal.execution.step
s.LoadPreviousExecu
tionStateStep.execu
te(LoadPreviousExec
utionStateStep.java
:36)
	at org.gradle.inte
rnal.execution.step
s.LoadPreviousExecu
tionStateStep.execu
te(LoadPreviousExec
utionStateStep.java
:23)
	at org.gradle.inte
rnal.execution.step
s.HandleStaleOutput
sStep.execute(Handl
eStaleOutputsStep.j
ava:75)
	at org.gradle.inte
rnal.execution.step
s.HandleStaleOutput
sStep.execute(Handl
eStaleOutputsStep.j
ava:41)
	at org.gradle.inte
rnal.execution.step
s.AssignMutableWork
spaceStep.lambda$ex
ecute$0(AssignMutab
leWorkspaceStep.jav
a:35)
	at org.gradle.api.
internal.tasks.exec
ution.TaskExecution
$4.withWorkspace(Ta
skExecution.java:29
7)
	at org.gradle.inte
rnal.execution.step
s.AssignMutableWork
spaceStep.execute(A
ssignMutableWorkspa
ceStep.java:31)
	at org.gradle.inte
rnal.execution.step
s.AssignMutableWork
spaceStep.execute(A
ssignMutableWorkspa
ceStep.java:22)
	at org.gradle.inte
rnal.execution.step
s.ChoosePipelineSte
p.execute(ChoosePip
elineStep.java:40)
	at org.gradle.inte
rnal.execution.step
s.ChoosePipelineSte
p.execute(ChoosePip
elineStep.java:23)
	at org.gradle.inte
rnal.execution.step
s.ExecuteWorkBuildO
perationFiringStep.
lambda$execute$2(Ex
ecuteWorkBuildOpera
tionFiringStep.java
:67)
	at org.gradle.inte
rnal.execution.step
s.ExecuteWorkBuildO
perationFiringStep.
execute(ExecuteWork
BuildOperationFirin
gStep.java:67)
	at org.gradle.inte
rnal.execution.step
s.ExecuteWorkBuildO
perationFiringStep.
execute(ExecuteWork
BuildOperationFirin
gStep.java:39)
	at org.gradle.inte
rnal.execution.step
s.IdentityCacheStep
.execute(IdentityCa
cheStep.java:46)
	at org.gradle.inte
rnal.execution.step
s.IdentityCacheStep
.execute(IdentityCa
cheStep.java:34)
	at org.gradle.inte
rnal.execution.step
s.IdentifyStep.exec
ute(IdentifyStep.ja
va:44)
	at org.gradle.inte
rnal.execution.step
s.IdentifyStep.exec
ute(IdentifyStep.ja
va:31)
	at org.gradle.inte
rnal.execution.impl
.DefaultExecutionEn
gine$1.execute(Defa
ultExecutionEngine.
java:64)
	at org.gradle.api.
internal.tasks.exec
ution.ExecuteAction
sTaskExecuter.execu
teIfValid(ExecuteAc
tionsTaskExecuter.j
ava:132)
	at org.gradle.api.
internal.tasks.exec
ution.ExecuteAction
sTaskExecuter.execu
te(ExecuteActionsTa
skExecuter.java:121
)
	at org.gradle.api.
internal.tasks.exec
ution.ProblemsTaskP
athTrackingTaskExec
uter.execute(Proble
msTaskPathTrackingT
askExecuter.java:41
)
	at org.gradle.api.
internal.tasks.exec
ution.FinalizePrope
rtiesTaskExecuter.e
xecute(FinalizeProp
ertiesTaskExecuter.
java:46)
	at org.gradle.api.
internal.tasks.exec
ution.ResolveTaskEx
ecutionModeExecuter
.execute(ResolveTas
kExecutionModeExecu
ter.java:51)
	at org.gradle.api.
internal.tasks.exec
ution.SkipTaskWithN
oActionsExecuter.ex
ecute(SkipTaskWithN
oActionsExecuter.ja
va:57)
	at org.gradle.api.
internal.tasks.exec
ution.SkipOnlyIfTas
kExecuter.execute(S
kipOnlyIfTaskExecut
er.java:74)
	at org.gradle.api.
internal.tasks.exec
ution.CatchExceptio
nTaskExecuter.execu
te(CatchExceptionTa
skExecuter.java:36)
	at org.gradle.api.
internal.tasks.exec
ution.EventFiringTa
skExecuter$1.execut
eTask(EventFiringTa
skExecuter.java:77)
	at org.gradle.api.
internal.tasks.exec
ution.EventFiringTa
skExecuter$1.call(E
ventFiringTaskExecu
ter.java:55)
	at org.gradle.api.
internal.tasks.exec
ution.EventFiringTa
skExecuter$1.call(E
ventFiringTaskExecu
ter.java:52)
	at org.gradle.inte
rnal.operations.Def
aultBuildOperationR
unner$CallableBuild
OperationWorker.exe
cute(DefaultBuildOp
erationRunner.java:
209)
	at org.gradle.inte
rnal.operations.Def
aultBuildOperationR
unner$CallableBuild
OperationWorker.exe
cute(DefaultBuildOp
erationRunner.java:
204)
	at org.gradle.inte
rnal.operations.Def
aultBuildOperationR
unner$2.execute(Def
aultBuildOperationR
unner.java:66)
	at org.gradle.inte
rnal.operations.Def
aultBuildOperationR
unner$2.execute(Def
aultBuildOperationR
unner.java:59)
	at org.gradle.inte
rnal.operations.Def
aultBuildOperationR
unner.execute(Defau
ltBuildOperationRun
ner.java:166)
5 actionable tasks: 5 executed
	at org.gradle.inte
rnal.operations.Def
aultBuildOperationR
unner.execute(Defau
ltBuildOperationRun
ner.java:59)
	at org.gradle.inte
rnal.operations.Def
aultBuildOperationR
unner.call(DefaultB
uildOperationRunner
.java:53)
	at org.gradle.api.
internal.tasks.exec
ution.EventFiringTa
skExecuter.execute(
EventFiringTaskExec
uter.java:52)
	at org.gradle.exec
ution.plan.DefaultN
odeExecutor.execute
LocalTaskNode(Defau
ltNodeExecutor.java
:55)
	at org.gradle.exec
ution.plan.DefaultN
odeExecutor.execute
(DefaultNodeExecuto
r.java:34)
	at org.gradle.exec
ution.taskgraph.Def
aultTaskExecutionGr
aph$InvokeNodeExecu
torsAction.execute(
DefaultTaskExecutio
nGraph.java:355)
	at org.gradle.exec
ution.taskgraph.Def
aultTaskExecutionGr
aph$InvokeNodeExecu
torsAction.execute(
DefaultTaskExecutio
nGraph.java:343)
	at org.gradle.exec
ution.taskgraph.Def
aultTaskExecutionGr
aph$BuildOperationA
wareExecutionAction
.lambda$execute$0(D
efaultTaskExecution
Graph.java:339)
	at org.gradle.inte
rnal.operations.Cur
rentBuildOperationR
ef.with(CurrentBuil
dOperationRef.java:
84)
	at org.gradle.exec
ution.taskgraph.Def
aultTaskExecutionGr
aph$BuildOperationA
wareExecutionAction
.execute(DefaultTas
kExecutionGraph.jav
a:339)
	at org.gradle.exec
ution.taskgraph.Def
aultTaskExecutionGr
aph$BuildOperationA
wareExecutionAction
.execute(DefaultTas
kExecutionGraph.jav
a:328)
	at org.gradle.exec
ution.plan.DefaultP
lanExecutor$Executo
rWorker.execute(Def
aultPlanExecutor.ja
va:459)
	at org.gradle.exec
ution.plan.DefaultP
lanExecutor$Executo
rWorker.run(Default
PlanExecutor.java:3
76)
	at org.gradle.inte
rnal.concurrent.Exe
cutorPolicy$CatchAn
dRecordFailures.onE
xecute(ExecutorPoli
cy.java:64)
	at org.gradle.inte
rnal.concurrent.Abs
tractManagedExecuto
r$1.run(AbstractMan
agedExecutor.java:4
7)
Caused by: org.grad
le.api.GradleExcept
ion: Error in ASM 
processing class co
m/projectatlas/Atla
sCommand.class
	at com.github.jeng
elman.gradle.plugin
s.shadow.tasks.Shad
owCopyAction$Stream
Action.remapClass(S
hadowCopyAction.gro
ovy:355)
	at com.github.jeng
elman.gradle.plugin
s.shadow.tasks.Shad
owCopyAction$Stream
Action.remapClass(S
hadowCopyAction.gro
ovy:327)
	at com.github.jeng
elman.gradle.plugin
s.shadow.tasks.Shad
owCopyAction$Stream
Action.visitFile(Sh
adowCopyAction.groo
vy:241)
	... 153 more
Caused by: groovy.l
ang.MissingMethodEx
ception: No 
signature of 
method: org.objectw
eb.asm.commons.Rema
pper.mapValue() is 
applicable for 
argument types: 
([I) values: [[2, 
0, 0]]
Possible 
solutions: mapValue
(java.lang.Object),
 mapType(java.lang.
String)
	at com.github.jeng
elman.gradle.plugin
s.shadow.impl.Reloc
atorRemapper.mapVal
ue(RelocatorRemappe
r.groovy:83)
	at org.objectweb.a
sm.commons.Annotati
onRemapper.visit(An
notationRemapper.ja
va:113)
	at org.objectweb.a
sm.ClassReader.read
ElementValue(ClassR
eader.java:3154)
	at org.objectweb.a
sm.ClassReader.read
ElementValues(Class
Reader.java:3006)
	at org.objectweb.a
sm.ClassReader.acce
pt(ClassReader.java
:609)
	at org.objectweb.a
sm.ClassReader.acce
pt(ClassReader.java
:425)
	at org.objectweb.a
sm.ClassReader$acce
pt.call(Unknown 
Source)
	at com.github.jeng
elman.gradle.plugin
s.shadow.tasks.Shad
owCopyAction$Stream
Action.remapClass(S
hadowCopyAction.gro
ovy:353)
	... 155 more

FAILURE: Build 
failed with an 
exception.

* What went wrong:
Execution failed 
for task 
':shadowJar'.
> Could not add 
file 'C:\Users\vish
a\Desktop\Mc_Plugin
\build\classes\kotl
in\main\com\project
atlas\AtlasCommand.
class' to ZIP 'C:\U
sers\visha\Desktop\
Mc_Plugin\build\lib
s\ProjectAtlas-1.0-
SNAPSHOT-all.jar'.

* Try:
> Run with 
--stacktrace 
option to get the 
stack trace.
> Run with --info 
or --debug option 
to get more log 
output.
> Run with --scan 
to generate a 
Build Scan 
(powered by 
Develocity).
> Get more help at 
https://help.gradle
.org.

BUILD FAILED in 3s
